<?xml version="1.0" encoding="UTF-8"?>
<!-- Generated by org.testng.reporters.JUnitReportReporter -->
<testsuite hostname="Novel-YR" failures="0" tests="2" name="runners.TestRunnerTestNG" time="16.899" errors="0" timestamp="2025-03-14T14:06:33 WIB" skipped="0">
  <testcase classname="runners.TestRunnerTestNG" name="runScenario" time="5.992"/>
  <testcase classname="runners.TestRunnerTestNG" name="runScenario" time="10.907"/>
</testsuite> <!-- runners.TestRunnerTestNG -->
