<?xml version="1.0" encoding="UTF-8"?>
<!-- Generated by org.testng.reporters.JUnitReportReporter -->
<testsuite hostname="Novel-YR" failures="0" tests="1" name="automation.POMTaskSauceDemo" time="13.877" errors="0" timestamp="2025-03-11T17:40:48 WIB" skipped="0">
  <testcase classname="automation.POMTaskSauceDemo" name="createOrder" time="13.877"/>
</testsuite> <!-- automation.POMTaskSauceDemo -->
