<?xml version="1.0" encoding="UTF-8"?>
<!-- Generated by org.testng.reporters.JUnitReportReporter -->
<testsuite hostname="Novel-YR" failures="0" tests="7" name="runners.FinalProjectTestRunnerTestNG" time="32.556" errors="0" timestamp="2025-03-15T13:51:53 WIB" skipped="0">
  <testcase classname="runners.FinalProjectTestRunnerTestNG" name="runScenario" time="2.056"/>
  <testcase classname="runners.FinalProjectTestRunnerTestNG" name="runScenario" time="4.822"/>
  <testcase classname="runners.FinalProjectTestRunnerTestNG" name="runScenario" time="4.628"/>
  <testcase classname="runners.FinalProjectTestRunnerTestNG" name="runScenario" time="5.077"/>
  <testcase classname="runners.FinalProjectTestRunnerTestNG" name="runScenario" time="4.741"/>
  <testcase classname="runners.FinalProjectTestRunnerTestNG" name="runScenario" time="6.419"/>
  <testcase classname="runners.FinalProjectTestRunnerTestNG" name="runScenario" time="4.813"/>
</testsuite> <!-- runners.FinalProjectTestRunnerTestNG -->
