<?xml version="1.0" encoding="UTF-8"?>
<!-- Generated by org.testng.reporters.JUnitReportReporter -->
<testsuite hostname="Novel-YR" failures="0" tests="2" name="runners.FinalProjectTestRunnerTestNG" time="14.958" errors="0" timestamp="2025-03-14T14:25:34 WIB" skipped="0">
  <testcase classname="runners.FinalProjectTestRunnerTestNG" name="runScenario" time="8.131"/>
  <testcase classname="runners.FinalProjectTestRunnerTestNG" name="runScenario" time="6.827"/>
</testsuite> <!-- runners.FinalProjectTestRunnerTestNG -->
