<?xml version="1.0" encoding="UTF-8"?>
<!-- Generated by org.testng.reporters.JUnitReportReporter -->
<testsuite hostname="Novel-YR" failures="0" tests="5" name="runners.FinalProjectTestRunnerTestNG" time="36.606" errors="0" timestamp="2025-03-14T15:41:01 WIB" skipped="0">
  <testcase classname="runners.FinalProjectTestRunnerTestNG" name="runScenario" time="7.151"/>
  <testcase classname="runners.FinalProjectTestRunnerTestNG" name="runScenario" time="5.797"/>
  <testcase classname="runners.FinalProjectTestRunnerTestNG" name="runScenario" time="13.772"/>
  <testcase classname="runners.FinalProjectTestRunnerTestNG" name="runScenario" time="3.940"/>
  <testcase classname="runners.FinalProjectTestRunnerTestNG" name="runScenario" time="5.946"/>
</testsuite> <!-- runners.FinalProjectTestRunnerTestNG -->
